TN:
SF:/home/user/vega/projects/glace/glace-proxy/lib/baseProxy.js
FN:23,(anonymous_0)
FN:45,(anonymous_1)
FN:59,(anonymous_2)
FN:72,(anonymous_3)
FN:80,(anonymous_4)
FN:88,(anonymous_5)
FN:96,(anonymous_6)
FN:105,(anonymous_7)
FN:113,(anonymous_8)
FNF:9
FNH:3
FNDA:24,(anonymous_0)
FNDA:0,(anonymous_1)
FNDA:13,(anonymous_2)
FNDA:3,(anonymous_3)
FNDA:0,(anonymous_4)
FNDA:0,(anonymous_5)
FNDA:0,(anonymous_6)
FNDA:0,(anonymous_7)
FNDA:0,(anonymous_8)
DA:20,1
DA:21,1
DA:23,1
DA:24,24
DA:26,24
DA:27,24
DA:28,24
DA:29,24
DA:30,24
DA:32,24
DA:33,24
DA:34,24
DA:35,24
DA:45,1
DA:46,0
DA:48,0
DA:59,1
DA:60,13
DA:61,6
DA:63,7
DA:64,7
DA:72,1
DA:73,3
DA:80,1
DA:81,0
DA:88,1
DA:89,0
DA:96,1
DA:97,0
DA:98,0
DA:105,1
DA:106,0
DA:113,1
DA:114,0
DA:117,1
LF:35
LH:27
BRDA:46,0,0,0
BRDA:46,0,1,0
BRDA:60,1,0,6
BRDA:60,1,1,7
BRDA:63,2,0,4
BRDA:63,2,1,3
BRDA:64,3,0,4
BRDA:64,3,1,3
BRDA:97,4,0,0
BRDA:97,4,1,0
BRF:10
BRH:6
end_of_record
TN:
SF:/home/user/vega/projects/glace/glace-proxy/lib/commands.js
FN:34,(anonymous_0)
FN:61,(anonymous_1)
FN:79,(anonymous_2)
FN:107,(anonymous_3)
FN:117,(anonymous_4)
FN:120,(anonymous_5)
FN:133,(anonymous_6)
FN:158,(anonymous_7)
FN:161,(anonymous_8)
FN:173,(anonymous_9)
FN:195,(anonymous_10)
FN:206,(anonymous_11)
FN:209,(anonymous_12)
FN:223,(anonymous_13)
FN:249,(anonymous_14)
FN:252,(anonymous_15)
FN:266,(anonymous_16)
FN:321,(anonymous_17)
FN:350,(anonymous_18)
FN:372,(anonymous_19)
FN:373,(anonymous_20)
FN:387,(anonymous_21)
FN:407,(anonymous_22)
FN:427,(anonymous_23)
FN:447,(anonymous_24)
FN:465,(anonymous_25)
FN:479,(anonymous_26)
FN:494,(anonymous_27)
FN:505,(anonymous_28)
FN:524,(anonymous_29)
FN:534,(anonymous_30)
FN:546,(anonymous_31)
FNF:32
FNH:31
FNDA:51,(anonymous_0)
FNDA:3,(anonymous_1)
FNDA:5,(anonymous_2)
FNDA:3,(anonymous_3)
FNDA:3,(anonymous_4)
FNDA:3,(anonymous_5)
FNDA:4,(anonymous_6)
FNDA:1,(anonymous_7)
FNDA:1,(anonymous_8)
FNDA:4,(anonymous_9)
FNDA:3,(anonymous_10)
FNDA:3,(anonymous_11)
FNDA:3,(anonymous_12)
FNDA:4,(anonymous_13)
FNDA:1,(anonymous_14)
FNDA:1,(anonymous_15)
FNDA:5,(anonymous_16)
FNDA:4,(anonymous_17)
FNDA:2,(anonymous_18)
FNDA:1,(anonymous_19)
FNDA:1,(anonymous_20)
FNDA:2,(anonymous_21)
FNDA:2,(anonymous_22)
FNDA:2,(anonymous_23)
FNDA:2,(anonymous_24)
FNDA:1,(anonymous_25)
FNDA:3,(anonymous_26)
FNDA:16,(anonymous_27)
FNDA:0,(anonymous_28)
FNDA:13,(anonymous_29)
FNDA:11,(anonymous_30)
FNDA:7,(anonymous_31)
DA:17,1
DA:18,1
DA:20,1
DA:21,1
DA:22,1
DA:23,1
DA:24,1
DA:25,1
DA:26,1
DA:28,1
DA:29,1
DA:30,1
DA:32,1
DA:34,1
DA:35,51
DA:37,51
DA:38,51
DA:39,51
DA:41,51
DA:42,51
DA:43,51
DA:45,51
DA:46,51
DA:47,51
DA:48,51
DA:49,51
DA:50,51
DA:51,51
DA:53,1
DA:61,1
DA:62,3
DA:63,3
DA:64,1
DA:66,3
DA:67,2
DA:79,1
DA:82,5
DA:83,1
DA:84,1
DA:85,1
DA:86,1
DA:89,4
DA:90,1
DA:91,1
DA:92,1
DA:93,1
DA:96,3
DA:105,3
DA:108,3
DA:109,0
DA:112,3
DA:115,3
DA:118,3
DA:120,3
DA:133,1
DA:135,4
DA:136,1
DA:137,1
DA:138,1
DA:139,1
DA:142,3
DA:143,3
DA:145,3
DA:146,3
DA:147,3
DA:158,1
DA:159,1
DA:161,1
DA:173,1
DA:176,4
DA:177,1
DA:178,1
DA:179,1
DA:180,1
DA:183,3
DA:193,3
DA:196,3
DA:197,0
DA:201,3
DA:204,3
DA:207,3
DA:209,3
DA:223,1
DA:225,4
DA:226,1
DA:227,1
DA:228,1
DA:229,1
DA:232,3
DA:233,3
DA:235,3
DA:236,3
DA:237,3
DA:249,1
DA:250,1
DA:252,1
DA:266,1
DA:268,5
DA:269,5
DA:271,5
DA:272,1
DA:273,1
DA:274,1
DA:275,1
DA:278,4
DA:286,4
DA:287,1
DA:290,4
DA:291,3
DA:294,4
DA:295,1
DA:300,1
DA:301,3
DA:305,4
DA:306,23
DA:307,23
DA:311,4
DA:312,4
DA:314,4
DA:323,4
DA:326,4
DA:327,0
DA:330,4
DA:332,4
DA:334,4
DA:335,4
DA:336,4
DA:338,4
DA:350,1
DA:352,2
DA:353,1
DA:354,1
DA:355,1
DA:356,1
DA:359,1
DA:360,1
DA:361,1
DA:372,1
DA:373,1
DA:387,1
DA:388,2
DA:390,1
DA:391,1
DA:393,1
DA:394,1
DA:396,1
DA:407,1
DA:408,2
DA:410,1
DA:411,1
DA:413,1
DA:414,1
DA:416,1
DA:427,1
DA:428,2
DA:430,1
DA:431,1
DA:433,1
DA:434,1
DA:436,1
DA:447,1
DA:448,2
DA:450,1
DA:451,1
DA:453,1
DA:454,1
DA:456,1
DA:465,1
DA:466,1
DA:467,1
DA:469,1
DA:470,1
DA:479,1
DA:480,3
DA:481,2
DA:482,1
DA:483,1
DA:484,1
DA:485,1
DA:494,1
DA:495,16
DA:505,1
DA:508,0
DA:509,0
DA:512,0
DA:515,0
DA:524,1
DA:525,13
DA:534,1
DA:535,11
DA:546,1
DA:547,7
DA:548,7
DA:549,35
DA:551,7
LF:195
LH:188
BRDA:63,0,0,1
BRDA:63,0,1,2
BRDA:66,1,0,1
BRDA:66,1,1,2
BRDA:82,2,0,1
BRDA:82,2,1,4
BRDA:84,3,0,0
BRDA:84,3,1,1
BRDA:89,4,0,1
BRDA:89,4,1,3
BRDA:91,5,0,0
BRDA:91,5,1,1
BRDA:96,6,0,3
BRDA:96,6,1,2
BRDA:108,7,0,0
BRDA:108,7,1,3
BRDA:118,8,0,1
BRDA:118,8,1,2
BRDA:135,9,0,1
BRDA:135,9,1,3
BRDA:137,10,0,0
BRDA:137,10,1,1
BRDA:146,11,0,1
BRDA:146,11,1,2
BRDA:146,12,0,3
BRDA:146,12,1,2
BRDA:176,13,0,1
BRDA:176,13,1,3
BRDA:178,14,0,0
BRDA:178,14,1,1
BRDA:183,15,0,3
BRDA:183,15,1,2
BRDA:196,16,0,0
BRDA:196,16,1,3
BRDA:207,17,0,1
BRDA:207,17,1,2
BRDA:225,18,0,1
BRDA:225,18,1,3
BRDA:227,19,0,0
BRDA:227,19,1,1
BRDA:236,20,0,1
BRDA:236,20,1,2
BRDA:236,21,0,3
BRDA:236,21,1,2
BRDA:271,22,0,1
BRDA:271,22,1,4
BRDA:273,23,0,0
BRDA:273,23,1,1
BRDA:287,24,0,1
BRDA:287,24,1,0
BRDA:290,25,0,3
BRDA:290,25,1,1
BRDA:290,26,0,4
BRDA:290,26,1,3
BRDA:294,27,0,1
BRDA:294,27,1,3
BRDA:301,28,0,3
BRDA:301,28,1,0
BRDA:306,29,0,23
BRDA:306,29,1,0
BRDA:326,30,0,0
BRDA:326,30,1,4
BRDA:352,31,0,1
BRDA:352,31,1,1
BRDA:354,32,0,0
BRDA:354,32,1,1
BRDA:388,33,0,1
BRDA:388,33,1,1
BRDA:390,34,0,1
BRDA:390,34,1,0
BRDA:393,35,0,1
BRDA:393,35,1,0
BRDA:408,36,0,1
BRDA:408,36,1,1
BRDA:410,37,0,1
BRDA:410,37,1,0
BRDA:413,38,0,1
BRDA:413,38,1,0
BRDA:428,39,0,1
BRDA:428,39,1,1
BRDA:430,40,0,1
BRDA:430,40,1,0
BRDA:433,41,0,1
BRDA:433,41,1,0
BRDA:448,42,0,1
BRDA:448,42,1,1
BRDA:450,43,0,1
BRDA:450,43,1,0
BRDA:453,44,0,1
BRDA:453,44,1,0
BRDA:466,45,0,1
BRDA:466,45,1,0
BRDA:480,46,0,2
BRDA:480,46,1,1
BRDA:480,47,0,3
BRDA:480,47,1,1
BRDA:483,48,0,0
BRDA:483,48,1,1
BRDA:495,49,0,16
BRDA:495,49,1,3
BRDA:508,50,0,0
BRDA:508,50,1,0
BRDA:525,51,0,13
BRDA:525,51,1,8
BRDA:535,52,0,11
BRDA:535,52,1,5
BRDA:549,53,0,0
BRDA:549,53,1,35
BRF:108
BRH:82
end_of_record
TN:
SF:/home/user/vega/projects/glace/glace-proxy/lib/config.js
FNF:0
FNH:0
DA:8,1
DA:10,1
DA:11,1
DA:44,1
DA:58,1
DA:60,1
DA:61,1
DA:63,1
DA:64,1
DA:65,1
DA:66,1
DA:67,1
DA:68,1
DA:69,1
DA:70,1
DA:71,1
DA:73,1
DA:74,1
DA:75,1
DA:77,1
DA:78,1
DA:80,1
LF:22
LH:22
BRDA:64,0,0,1
BRDA:64,0,1,1
BRDA:66,1,0,1
BRDA:66,1,1,1
BRDA:67,2,0,1
BRDA:67,2,1,1
BRDA:71,3,0,1
BRDA:71,3,1,1
BRDA:73,4,0,1
BRDA:73,4,1,1
BRDA:75,5,0,1
BRDA:75,5,1,1
BRF:12
BRH:12
end_of_record
TN:
SF:/home/user/vega/projects/glace/glace-proxy/lib/fixtures.js
FN:15,(anonymous_0)
FN:18,(anonymous_1)
FN:24,(anonymous_2)
FN:36,(anonymous_3)
FN:39,(anonymous_4)
FN:45,(anonymous_5)
FNF:6
FNH:0
FNDA:0,(anonymous_0)
FNDA:0,(anonymous_1)
FNDA:0,(anonymous_2)
FNDA:0,(anonymous_3)
FNDA:0,(anonymous_4)
FNDA:0,(anonymous_5)
DA:15,1
DA:18,0
DA:19,0
DA:22,0
DA:24,0
DA:25,0
DA:26,0
DA:36,1
DA:39,0
DA:40,0
DA:43,0
DA:45,0
DA:46,0
DA:47,0
LF:14
LH:2
BRDA:25,0,0,0
BRDA:25,0,1,0
BRDA:46,1,0,0
BRDA:46,1,1,0
BRF:4
BRH:0
end_of_record
TN:
SF:/home/user/vega/projects/glace/glace-proxy/lib/globalProxy.js
FN:41,(anonymous_0)
FN:45,(anonymous_1)
FN:53,(anonymous_2)
FN:64,(anonymous_3)
FN:83,(anonymous_4)
FN:100,(anonymous_5)
FN:106,(anonymous_6)
FN:121,(anonymous_7)
FN:125,(anonymous_8)
FN:131,(anonymous_9)
FN:136,(anonymous_10)
FN:136,(anonymous_11)
FN:168,(anonymous_12)
FNF:13
FNH:0
FNDA:0,(anonymous_0)
FNDA:0,(anonymous_1)
FNDA:0,(anonymous_2)
FNDA:0,(anonymous_3)
FNDA:0,(anonymous_4)
FNDA:0,(anonymous_5)
FNDA:0,(anonymous_6)
FNDA:0,(anonymous_7)
FNDA:0,(anonymous_8)
FNDA:0,(anonymous_9)
FNDA:0,(anonymous_10)
FNDA:0,(anonymous_11)
FNDA:0,(anonymous_12)
DA:18,1
DA:19,1
DA:20,1
DA:22,1
DA:23,1
DA:24,1
DA:25,1
DA:26,1
DA:28,1
DA:29,1
DA:30,1
DA:32,1
DA:34,1
DA:41,1
DA:42,0
DA:43,0
DA:44,0
DA:45,0
DA:46,0
DA:49,0
DA:53,1
DA:55,0
DA:56,0
DA:58,0
DA:59,0
DA:60,0
DA:62,0
DA:64,0
DA:66,0
DA:67,0
DA:68,0
DA:71,0
DA:72,0
DA:73,0
DA:74,0
DA:75,0
DA:79,0
DA:83,0
DA:85,0
DA:86,0
DA:87,0
DA:89,0
DA:91,0
DA:93,0
DA:94,0
DA:96,0
DA:100,0
DA:101,0
DA:102,0
DA:104,0
DA:106,0
DA:107,0
DA:108,0
DA:110,0
DA:113,1
DA:114,1
DA:121,1
DA:122,0
DA:123,0
DA:125,0
DA:127,0
DA:132,0
DA:133,0
DA:136,0
DA:138,0
DA:140,0
DA:142,0
DA:143,0
DA:146,0
DA:150,0
DA:155,0
DA:156,0
DA:168,1
DA:169,0
DA:170,0
DA:171,0
LF:76
LH:19
BRDA:42,0,0,0
BRDA:42,0,1,0
BRDA:44,1,0,0
BRDA:44,1,1,0
BRDA:44,2,0,0
BRDA:44,2,1,0
BRDA:66,3,0,0
BRDA:66,3,1,0
BRDA:72,4,0,0
BRDA:72,4,1,0
BRDA:72,5,0,0
BRDA:72,5,1,0
BRDA:86,6,0,0
BRDA:86,6,1,0
BRDA:91,7,0,0
BRDA:91,7,1,0
BRDA:101,8,0,0
BRDA:101,8,1,0
BRDA:107,9,0,0
BRDA:107,9,1,0
BRDA:122,10,0,0
BRDA:122,10,1,0
BRDA:123,11,0,0
BRDA:123,11,1,0
BRDA:132,12,0,0
BRDA:132,12,1,0
BRDA:140,13,0,0
BRDA:140,13,1,0
BRDA:142,14,0,0
BRDA:142,14,1,0
BRDA:155,15,0,0
BRDA:155,15,1,0
BRDA:169,16,0,0
BRDA:169,16,1,0
BRF:34
BRH:0
end_of_record
TN:
SF:/home/user/vega/projects/glace/glace-proxy/lib/httpProxy.js
FN:29,(anonymous_0)
FN:40,(anonymous_1)
FN:49,(anonymous_2)
FN:74,(anonymous_3)
FN:108,(anonymous_4)
FN:109,(anonymous_5)
FN:112,(anonymous_6)
FN:122,(anonymous_7)
FN:123,(anonymous_8)
FN:130,(anonymous_9)
FN:147,(anonymous_10)
FNF:11
FNH:3
FNDA:3,(anonymous_0)
FNDA:0,(anonymous_1)
FNDA:0,(anonymous_2)
FNDA:3,(anonymous_3)
FNDA:0,(anonymous_4)
FNDA:0,(anonymous_5)
FNDA:0,(anonymous_6)
FNDA:0,(anonymous_7)
FNDA:0,(anonymous_8)
FNDA:0,(anonymous_9)
FNDA:3,(anonymous_10)
DA:12,1
DA:13,1
DA:14,1
DA:15,1
DA:17,1
DA:18,1
DA:19,1
DA:20,1
DA:21,1
DA:23,1
DA:24,1
DA:25,1
DA:27,1
DA:29,1
DA:31,3
DA:32,3
DA:34,3
DA:35,3
DA:36,3
DA:38,3
DA:40,3
DA:41,0
DA:44,3
DA:46,3
DA:48,3
DA:49,3
DA:51,0
DA:52,0
DA:53,0
DA:55,0
DA:57,0
DA:59,0
DA:60,0
DA:62,0
DA:64,3
DA:66,1
DA:67,1
DA:74,1
DA:75,3
DA:76,3
DA:78,3
DA:82,3
DA:84,3
DA:86,3
DA:93,0
DA:108,1
DA:109,0
DA:110,0
DA:112,0
DA:113,0
DA:115,0
DA:116,0
DA:118,0
DA:119,0
DA:122,0
DA:123,0
DA:130,1
DA:131,0
DA:132,0
DA:133,0
DA:134,0
DA:135,0
DA:147,1
DA:148,3
DA:149,1
DA:150,1
DA:151,1
DA:153,2
LF:68
LH:43
BRDA:41,0,0,0
BRDA:41,0,1,0
BRDA:52,1,0,0
BRDA:52,1,1,0
BRDA:57,2,0,0
BRDA:57,2,1,0
BRDA:84,3,0,3
BRDA:84,3,1,0
BRDA:110,4,0,0
BRDA:110,4,1,0
BRDA:113,5,0,0
BRDA:113,5,1,0
BRDA:131,6,0,0
BRDA:131,6,1,0
BRDA:148,7,0,1
BRDA:148,7,1,2
BRDA:148,8,0,3
BRDA:148,8,1,2
BRF:18
BRH:5
end_of_record
TN:
SF:/home/user/vega/projects/glace/glace-proxy/lib/index.js
FN:23,(anonymous_0)
FN:32,(anonymous_1)
FN:41,(anonymous_2)
FN:50,(anonymous_3)
FN:59,(anonymous_4)
FN:65,(anonymous_5)
FN:71,(anonymous_6)
FN:86,(anonymous_7)
FN:95,(anonymous_8)
FNF:9
FNH:6
FNDA:1,(anonymous_0)
FNDA:3,(anonymous_1)
FNDA:0,(anonymous_2)
FNDA:1,(anonymous_3)
FNDA:0,(anonymous_4)
FNDA:0,(anonymous_5)
FNDA:1,(anonymous_6)
FNDA:2,(anonymous_7)
FNDA:3,(anonymous_8)
DA:18,1
DA:24,1
DA:25,1
DA:33,3
DA:34,3
DA:42,0
DA:43,0
DA:51,1
DA:52,1
DA:60,0
DA:61,0
DA:66,0
DA:67,0
DA:72,1
DA:79,1
DA:87,2
DA:88,2
DA:96,3
DA:97,3
LF:19
LH:13
BRDA:24,0,0,1
BRDA:24,0,1,1
BRDA:33,1,0,3
BRDA:33,1,1,1
BRDA:42,2,0,0
BRDA:42,2,1,0
BRDA:51,3,0,1
BRDA:51,3,1,1
BRDA:60,4,0,0
BRDA:60,4,1,0
BRDA:66,5,0,0
BRDA:66,5,1,0
BRDA:72,6,0,1
BRDA:72,6,1,1
BRDA:87,7,0,2
BRDA:87,7,1,1
BRDA:96,8,0,3
BRDA:96,8,1,1
BRF:18
BRH:12
end_of_record
TN:
SF:/home/user/vega/projects/glace/glace-proxy/lib/pluginHelp.js
FN:7,(anonymous_0)
FNF:1
FNH:1
FNDA:1,(anonymous_0)
DA:7,1
DA:8,1
LF:2
LH:2
BRF:0
BRH:0
end_of_record
TN:
SF:/home/user/vega/projects/glace/glace-proxy/lib/steps.js
FN:32,(anonymous_0)
FN:52,(anonymous_1)
FN:125,(anonymous_2)
FN:159,(anonymous_3)
FN:206,(anonymous_4)
FN:272,(anonymous_5)
FN:317,(anonymous_6)
FN:390,(anonymous_7)
FN:447,(anonymous_8)
FN:498,(anonymous_9)
FN:543,(anonymous_10)
FN:594,(anonymous_11)
FN:621,(anonymous_12)
FN:656,(anonymous_13)
FNF:14
FNH:2
FNDA:0,(anonymous_0)
FNDA:0,(anonymous_1)
FNDA:0,(anonymous_2)
FNDA:0,(anonymous_3)
FNDA:0,(anonymous_4)
FNDA:0,(anonymous_5)
FNDA:4,(anonymous_6)
FNDA:1,(anonymous_7)
FNDA:0,(anonymous_8)
FNDA:0,(anonymous_9)
FNDA:0,(anonymous_10)
FNDA:0,(anonymous_11)
FNDA:0,(anonymous_12)
FNDA:0,(anonymous_13)
DA:15,1
DA:16,1
DA:18,1
DA:19,1
DA:20,1
DA:22,1
DA:23,1
DA:24,1
DA:26,1
DA:28,1
DA:47,0
DA:48,0
DA:49,0
DA:84,0
DA:85,0
DA:86,0
DA:89,0
DA:90,0
DA:91,0
DA:92,0
DA:93,0
DA:94,0
DA:95,0
DA:97,0
DA:98,0
DA:100,0
DA:102,0
DA:108,0
DA:110,0
DA:111,0
DA:114,0
DA:116,0
DA:119,0
DA:120,0
DA:122,0
DA:142,0
DA:143,0
DA:145,0
DA:146,0
DA:148,0
DA:149,0
DA:153,0
DA:154,0
DA:156,0
DA:179,0
DA:180,0
DA:181,0
DA:184,0
DA:185,0
DA:187,0
DA:188,0
DA:190,0
DA:192,0
DA:193,0
DA:197,0
DA:198,0
DA:200,0
DA:201,0
DA:203,0
DA:234,0
DA:235,0
DA:236,0
DA:239,0
DA:240,0
DA:241,0
DA:242,0
DA:243,0
DA:244,0
DA:246,0
DA:247,0
DA:249,0
DA:256,0
DA:258,0
DA:259,0
DA:264,0
DA:266,0
DA:267,0
DA:269,0
DA:292,0
DA:293,0
DA:294,0
DA:297,0
DA:298,0
DA:300,0
DA:301,0
DA:303,0
DA:305,0
DA:306,0
DA:309,0
DA:311,0
DA:312,0
DA:314,0
DA:338,4
DA:340,4
DA:341,4
DA:343,4
DA:344,4
DA:346,4
DA:347,4
DA:349,4
DA:350,4
DA:353,4
DA:354,4
DA:355,2
DA:358,4
DA:359,4
DA:360,3
DA:364,4
DA:365,3
DA:370,4
DA:371,4
DA:372,3
DA:376,4
DA:377,3
DA:384,4
DA:385,4
DA:387,4
DA:407,1
DA:409,1
DA:410,1
DA:412,1
DA:413,1
DA:415,1
DA:416,1
DA:418,1
DA:419,1
DA:422,1
DA:423,1
DA:424,1
DA:427,1
DA:431,1
DA:432,1
DA:435,1
DA:441,1
DA:442,1
DA:444,1
DA:464,0
DA:466,0
DA:467,0
DA:469,0
DA:470,0
DA:472,0
DA:473,0
DA:475,0
DA:476,0
DA:479,0
DA:480,0
DA:481,0
DA:485,0
DA:486,0
DA:492,0
DA:493,0
DA:495,0
DA:515,0
DA:517,0
DA:518,0
DA:520,0
DA:522,0
DA:523,0
DA:525,0
DA:526,0
DA:528,0
DA:529,0
DA:532,0
DA:533,0
DA:537,0
DA:538,0
DA:540,0
DA:560,0
DA:562,0
DA:563,0
DA:565,0
DA:566,0
DA:568,0
DA:569,0
DA:571,0
DA:572,0
DA:575,0
DA:576,0
DA:577,0
DA:581,0
DA:582,0
DA:588,0
DA:589,0
DA:591,0
DA:607,0
DA:608,0
DA:610,0
DA:612,0
DA:613,0
DA:615,0
DA:616,0
DA:618,0
DA:634,0
DA:635,0
DA:637,0
DA:639,0
DA:640,0
DA:642,0
DA:643,0
DA:645,0
DA:657,0
DA:663,1
LF:203
LH:55
BRDA:84,0,0,0
BRDA:84,0,1,0
BRDA:90,1,0,0
BRDA:90,1,1,0
BRDA:102,2,0,0
BRDA:102,2,1,0
BRDA:110,3,0,0
BRDA:110,3,1,0
BRDA:148,4,0,0
BRDA:148,4,1,0
BRDA:179,5,0,0
BRDA:179,5,1,0
BRDA:192,6,0,0
BRDA:192,6,1,0
BRDA:234,7,0,0
BRDA:234,7,1,0
BRDA:249,8,0,0
BRDA:249,8,1,0
BRDA:258,9,0,0
BRDA:258,9,1,0
BRDA:292,10,0,0
BRDA:292,10,1,0
BRDA:305,11,0,0
BRDA:305,11,1,0
BRDA:346,12,0,4
BRDA:346,12,1,0
BRDA:349,13,0,4
BRDA:349,13,1,0
BRDA:353,14,0,4
BRDA:353,14,1,0
BRDA:354,15,0,2
BRDA:354,15,1,2
BRDA:354,16,0,4
BRDA:354,16,1,3
BRDA:358,17,0,4
BRDA:358,17,1,0
BRDA:359,18,0,3
BRDA:359,18,1,1
BRDA:364,19,0,3
BRDA:364,19,1,1
BRDA:370,20,0,4
BRDA:370,20,1,0
BRDA:371,21,0,3
BRDA:371,21,1,1
BRDA:376,22,0,3
BRDA:376,22,1,1
BRDA:415,23,0,1
BRDA:415,23,1,0
BRDA:418,24,0,1
BRDA:418,24,1,0
BRDA:422,25,0,1
BRDA:422,25,1,0
BRDA:423,26,0,1
BRDA:423,26,1,0
BRDA:431,27,0,1
BRDA:431,27,1,0
BRDA:472,28,0,0
BRDA:472,28,1,0
BRDA:475,29,0,0
BRDA:475,29,1,0
BRDA:479,30,0,0
BRDA:479,30,1,0
BRDA:480,31,0,0
BRDA:480,31,1,0
BRDA:485,32,0,0
BRDA:485,32,1,0
BRDA:525,33,0,0
BRDA:525,33,1,0
BRDA:525,34,0,0
BRDA:525,34,1,0
BRDA:528,35,0,0
BRDA:528,35,1,0
BRDA:528,36,0,0
BRDA:528,36,1,0
BRDA:532,37,0,0
BRDA:532,37,1,0
BRDA:568,38,0,0
BRDA:568,38,1,0
BRDA:571,39,0,0
BRDA:571,39,1,0
BRDA:575,40,0,0
BRDA:575,40,1,0
BRDA:576,41,0,0
BRDA:576,41,1,0
BRDA:581,42,0,0
BRDA:581,42,1,0
BRDA:612,43,0,0
BRDA:612,43,1,0
BRDA:613,44,0,0
BRDA:613,44,1,0
BRDA:639,45,0,0
BRDA:639,45,1,0
BRDA:640,46,0,0
BRDA:640,46,1,0
BRDA:658,47,0,0
BRDA:658,47,1,0
BRDA:658,47,2,0
BRDA:658,47,3,0
BRF:98
BRH:22
end_of_record
TN:
SF:/home/user/vega/projects/glace/glace-proxy/lib/middleware/cache.js
FN:26,(anonymous_0)
FN:32,(anonymous_1)
FN:60,(anonymous_2)
FN:104,(anonymous_3)
FN:105,(anonymous_4)
FN:107,(anonymous_5)
FN:112,(anonymous_6)
FN:131,(anonymous_7)
FN:138,(anonymous_8)
FN:143,(anonymous_9)
FNF:10
FNH:2
FNDA:1,(anonymous_0)
FNDA:1,(anonymous_1)
FNDA:0,(anonymous_2)
FNDA:0,(anonymous_3)
FNDA:0,(anonymous_4)
FNDA:0,(anonymous_5)
FNDA:0,(anonymous_6)
FNDA:0,(anonymous_7)
FNDA:0,(anonymous_8)
FNDA:0,(anonymous_9)
DA:8,1
DA:10,1
DA:11,1
DA:12,1
DA:13,1
DA:15,1
DA:17,1
DA:19,1
DA:20,1
DA:26,1
DA:28,1
DA:29,1
DA:31,1
DA:32,1
DA:34,1
DA:35,1
DA:37,1
DA:46,1
DA:49,1
DA:51,1
DA:60,1
DA:61,0
DA:62,0
DA:64,0
DA:65,0
DA:68,0
DA:69,0
DA:72,0
DA:73,0
DA:75,0
DA:76,0
DA:78,0
DA:85,1
DA:94,1
DA:104,1
DA:105,0
DA:107,0
DA:108,0
DA:109,0
DA:113,0
DA:115,0
DA:116,0
DA:118,0
DA:119,0
DA:121,0
DA:131,1
DA:133,0
DA:134,0
DA:136,0
DA:138,0
DA:139,0
DA:140,0
DA:143,0
DA:144,0
DA:145,0
DA:147,0
DA:148,0
DA:151,0
DA:152,0
DA:153,0
DA:157,0
DA:161,0
DA:162,0
DA:164,0
LF:64
LH:25
BRDA:19,0,0,1
BRDA:19,0,1,0
BRDA:19,1,0,1
BRDA:19,1,1,1
BRDA:31,2,0,1
BRDA:31,2,1,0
BRDA:31,3,0,1
BRDA:31,3,1,0
BRDA:35,4,0,0
BRDA:35,4,1,1
BRDA:46,5,0,1
BRDA:46,5,1,0
BRDA:61,6,0,0
BRDA:61,6,1,0
BRDA:62,7,0,0
BRDA:62,7,1,0
BRDA:65,8,0,0
BRDA:65,8,1,0
BRDA:72,9,0,0
BRDA:72,9,1,0
BRDA:108,10,0,0
BRDA:108,10,1,0
BRDA:113,11,0,0
BRDA:113,11,1,0
BRDA:139,12,0,0
BRDA:139,12,1,0
BRDA:144,13,0,0
BRDA:144,13,1,0
BRDA:147,14,0,0
BRDA:147,14,1,0
BRDA:147,15,0,0
BRDA:147,15,1,0
BRDA:152,16,0,0
BRDA:152,16,1,0
BRF:34
BRH:7
end_of_record
TN:
SF:/home/user/vega/projects/glace/glace-proxy/lib/middleware/index.js
FNF:0
FNH:0
DA:8,1
LF:1
LH:1
BRF:0
BRH:0
end_of_record
TN:
SF:/home/user/vega/projects/glace/glace-proxy/lib/middleware/info.js
FN:10,(anonymous_0)
FN:29,(anonymous_1)
FN:35,(anonymous_2)
FN:40,(anonymous_3)
FNF:4
FNH:0
FNDA:0,(anonymous_0)
FNDA:0,(anonymous_1)
FNDA:0,(anonymous_2)
FNDA:0,(anonymous_3)
DA:8,1
DA:10,1
DA:11,0
DA:13,0
DA:14,0
DA:16,0
DA:24,0
DA:26,0
DA:27,0
DA:29,0
DA:30,0
DA:31,0
DA:32,0
DA:35,0
DA:36,0
DA:37,0
DA:40,0
DA:41,0
DA:42,0
DA:43,0
DA:44,0
DA:45,0
DA:48,0
LF:23
LH:2
BRDA:11,0,0,0
BRDA:11,0,1,0
BRDA:30,1,0,0
BRDA:30,1,1,0
BRF:4
BRH:0
end_of_record
TN:
SF:/home/user/vega/projects/glace/glace-proxy/lib/middleware/reqBody.js
FN:8,(anonymous_0)
FN:16,(anonymous_1)
FNF:2
FNH:0
FNDA:0,(anonymous_0)
FNDA:0,(anonymous_1)
DA:8,1
DA:10,0
DA:11,0
DA:13,0
DA:15,0
DA:16,0
DA:17,0
DA:18,0
DA:19,0
DA:20,0
DA:21,0
DA:23,0
LF:12
LH:1
BRDA:13,0,0,0
BRDA:13,0,1,0
BRDA:17,1,0,0
BRDA:17,1,1,0
BRDA:18,2,0,0
BRDA:18,2,1,0
BRDA:19,3,0,0
BRDA:19,3,1,0
BRDA:20,4,0,0
BRDA:20,4,1,0
BRF:10
BRH:0
end_of_record
TN:
SF:/home/user/vega/projects/glace/glace-proxy/lib/middleware/resHead.js
FN:10,(anonymous_0)
FN:19,(anonymous_1)
FN:41,(anonymous_2)
FNF:3
FNH:0
FNDA:0,(anonymous_0)
FNDA:0,(anonymous_1)
FNDA:0,(anonymous_2)
DA:8,1
DA:10,1
DA:12,0
DA:14,0
DA:15,0
DA:17,0
DA:19,0
DA:21,0
DA:22,0
DA:23,0
DA:26,0
DA:27,0
DA:30,0
DA:31,0
DA:34,0
DA:35,0
DA:38,0
DA:41,0
DA:42,0
DA:43,0
LF:20
LH:2
BRDA:17,0,0,0
BRDA:17,0,1,0
BRDA:21,1,0,0
BRDA:21,1,1,0
BRDA:21,2,0,0
BRDA:21,2,1,0
BRDA:26,3,0,0
BRDA:26,3,1,0
BRDA:27,4,0,0
BRDA:27,4,1,0
BRDA:30,5,0,0
BRDA:30,5,1,0
BRDA:31,6,0,0
BRDA:31,6,1,0
BRDA:34,7,0,0
BRDA:34,7,1,0
BRF:16
BRH:0
end_of_record
TN:
SF:/home/user/vega/projects/glace/glace-proxy/lib/middleware/speed.js
FN:12,(anonymous_0)
FN:24,(anonymous_1)
FN:37,(anonymous_2)
FN:45,(anonymous_3)
FN:50,(anonymous_4)
FN:64,(anonymous_5)
FN:77,(anonymous_6)
FN:83,(anonymous_7)
FN:91,(anonymous_8)
FN:97,(anonymous_9)
FN:102,(anonymous_10)
FN:117,(anonymous_11)
FN:133,(anonymous_12)
FN:133,(anonymous_13)
FN:138,(anonymous_14)
FN:139,(anonymous_15)
FN:139,(anonymous_16)
FNF:17
FNH:13
FNDA:0,(anonymous_0)
FNDA:7,(anonymous_1)
FNDA:4,(anonymous_2)
FNDA:0,(anonymous_3)
FNDA:1,(anonymous_4)
FNDA:6,(anonymous_5)
FNDA:2,(anonymous_6)
FNDA:0,(anonymous_7)
FNDA:2,(anonymous_8)
FNDA:0,(anonymous_9)
FNDA:1,(anonymous_10)
FNDA:12,(anonymous_11)
FNDA:3,(anonymous_12)
FNDA:3,(anonymous_13)
FNDA:1,(anonymous_14)
FNDA:1,(anonymous_15)
FNDA:1,(anonymous_16)
DA:8,1
DA:10,1
DA:12,1
DA:13,0
DA:14,0
DA:15,0
DA:24,1
DA:26,7
DA:28,6
DA:29,6
DA:30,6
DA:31,6
DA:33,6
DA:34,6
DA:36,6
DA:37,6
DA:39,4
DA:40,1
DA:43,3
DA:45,2
DA:46,0
DA:49,2
DA:50,1
DA:51,1
DA:54,2
DA:64,1
DA:66,6
DA:68,5
DA:69,5
DA:70,5
DA:71,5
DA:73,5
DA:74,5
DA:76,5
DA:77,5
DA:79,2
DA:81,1
DA:83,1
DA:84,0
DA:85,0
DA:87,1
DA:90,5
DA:91,5
DA:93,2
DA:95,1
DA:97,1
DA:98,0
DA:99,0
DA:102,1
DA:103,1
DA:104,1
DA:117,1
DA:118,12
DA:119,28
DA:120,28
DA:122,12
DA:133,3
DA:134,3
DA:136,2
DA:137,1
DA:138,1
DA:139,1
DA:141,2
LF:63
LH:55
BRDA:26,0,0,1
BRDA:26,0,1,6
BRDA:39,1,0,1
BRDA:39,1,1,3
BRDA:43,2,0,1
BRDA:43,2,1,2
BRDA:49,3,0,1
BRDA:49,3,1,1
BRDA:66,4,0,1
BRDA:66,4,1,5
BRDA:79,5,0,1
BRDA:79,5,1,1
BRDA:93,6,0,1
BRDA:93,6,1,1
BRDA:134,7,0,1
BRDA:134,7,1,2
BRF:16
BRH:16
end_of_record
